# Modularity: 0.721650
# Modularity (with diagonal): 0.717021
Label                         	Module	Connectivity	Participation	Role
246                           	18	-0.325380	0.218750	R2
243                           	18	-0.325380	0.218750	R2
60                            	15	0.222341	0.292346	R2
240                           	18	-0.325380	0.218750	R2
242                           	18	-0.325380	0.218750	R2
241                           	18	-0.325380	0.218750	R2
239                           	18	-0.325380	0.218750	R2
244                           	18	-0.325380	0.218750	R2
245                           	18	-0.325380	0.218750	R2
75                            	15	0.222341	0.000000	R1
27                            	15	0.222341	0.508328	R2
78                            	15	0.222341	0.000000	R1
61                            	15	0.222341	0.000000	R1
65                            	15	0.222341	0.000000	R1
77                            	15	0.222341	0.000000	R1
71                            	15	0.222341	0.000000	R1
69                            	15	0.222341	0.000000	R1
83                            	15	0.222341	0.000000	R1
4                             	15	0.222341	0.508328	R2
49                            	15	0.222341	0.472778	R2
48                            	15	0.222341	0.000000	R1
72                            	15	0.222341	0.000000	R1
55                            	15	0.222341	0.000000	R1
74                            	15	0.222341	0.000000	R1
82                            	15	0.222341	0.000000	R1
66                            	15	0.483919	0.433036	R2
76                            	15	0.222341	0.369846	R2
52                            	15	0.222341	0.000000	R1
79                            	15	0.222341	0.000000	R1
80                            	15	0.222341	0.000000	R1
68                            	15	0.222341	0.000000	R1
53                            	15	0.222341	0.000000	R1
70                            	15	0.222341	0.000000	R1
62                            	15	0.222341	0.000000	R1
51                            	15	0.222341	0.000000	R1
73                            	15	0.222341	0.000000	R1
54                            	15	0.222341	0.000000	R1
59                            	15	0.222341	0.000000	R1
81                            	15	0.222341	0.000000	R1
63                            	15	0.222341	0.000000	R1
58                            	15	0.222341	0.000000	R1
64                            	15	0.222341	0.000000	R1
57                            	15	0.222341	0.000000	R1
67                            	15	0.222341	0.000000	R1
56                            	15	0.222341	0.000000	R1
50                            	15	0.222341	0.000000	R1
398                           	17	0.000000	0.000000	R1
399                           	17	0.000000	0.000000	R1
300                           	8	-0.577350	0.000000	R1
310                           	8	-0.577350	0.000000	R1
273                           	8	3.464102	0.000000	R5
305                           	8	-0.577350	0.000000	R1
304                           	8	-0.577350	0.000000	R1
302                           	8	-0.577350	0.000000	R1
299                           	8	-0.577350	0.000000	R1
32                            	13	0.346278	0.123819	R2
11                            	13	0.346278	0.123819	R2
30                            	13	0.346278	0.500378	R2
18                            	13	0.738727	0.112265	R2
16                            	13	0.346278	0.123819	R2
44                            	13	0.346278	0.123819	R2
36                            	13	0.346278	0.123819	R2
20                            	13	0.346278	0.123819	R2
2                             	13	0.346278	0.123819	R2
22                            	13	0.346278	0.280661	R2
21                            	13	0.346278	0.418845	R2
34                            	13	0.346278	0.412435	R2
29                            	13	0.738727	0.112265	R2
6                             	13	0.346278	0.123819	R2
3                             	13	0.346278	0.123819	R2
45                            	13	0.346278	0.123819	R2
42                            	13	0.346278	0.123819	R2
13                            	13	0.346278	0.123819	R2
5                             	13	0.346278	0.123819	R2
35                            	13	0.346278	0.123819	R2
26                            	13	0.346278	0.123819	R2
25                            	13	0.738727	0.112265	R2
12                            	13	0.346278	0.123819	R2
15                            	13	0.346278	0.123819	R2
8                             	13	0.738727	0.340556	R2
47                            	13	0.503258	0.118924	R2
23                            	13	0.738727	0.112265	R2
39                            	13	0.346278	0.123819	R2
24                            	13	0.346278	0.123819	R2
38                            	13	0.346278	0.123819	R2
28                            	13	0.346278	0.123819	R2
10                            	13	0.346278	0.123819	R2
14                            	13	0.346278	0.476067	R2
41                            	13	0.346278	0.123819	R2
43                            	1	1.433409	0.633045	R3
19                            	13	0.346278	0.123819	R2
9                             	13	0.346278	0.123819	R2
31                            	13	0.346278	0.123819	R2
40                            	13	0.346278	0.123819	R2
37                            	13	0.346278	0.467120	R2
7                             	13	0.346278	0.123819	R2
46                            	13	0.346278	0.123819	R2
17                            	13	0.346278	0.123819	R2
33                            	13	0.346278	0.123819	R2
1                             	13	0.346278	0.123819	R2
252                           	18	-0.069020	0.000000	R1
255                           	18	2.238219	0.104938	R2
251                           	18	-0.069020	0.000000	R1
249                           	18	-0.069020	0.000000	R1
168                           	18	6.083618	0.161633	R5
250                           	18	-0.069020	0.000000	R1
254                           	18	-0.069020	0.000000	R1
253                           	18	-0.069020	0.000000	R1
248                           	18	-0.069020	0.000000	R1
402                           	18	-1.863539	0.000000	R1
283                           	3	2.154736	0.000000	R1
281                           	3	0.397476	0.000000	R1
401                           	3	-1.359785	0.000000	R1
282                           	3	0.690352	0.000000	R1
396                           	3	-1.066908	0.000000	R1
291                           	3	0.397476	0.000000	R1
386                           	3	-1.066908	0.000000	R1
280                           	3	0.397476	0.000000	R1
290                           	3	0.397476	0.000000	R1
279                           	3	0.397476	0.000000	R1
395                           	3	-1.066908	0.000000	R1
400                           	3	-1.359785	0.000000	R1
387                           	3	-1.066908	0.000000	R1
278                           	3	2.447613	0.000000	R1
359                           	5	0.000000	0.000000	R1
353                           	5	0.000000	0.000000	R1
354                           	5	0.000000	0.000000	R1
358                           	5	0.000000	0.000000	R1
392                           	19	-1.535589	0.000000	R1
385                           	19	-1.317137	0.000000	R1
391                           	19	-1.535589	0.444444	R2
317                           	18	-1.094460	0.320000	R2
170                           	18	1.469139	0.226562	R2
319                           	18	-1.094460	0.320000	R2
176                           	18	1.981859	0.394558	R2
320                           	18	-1.094460	0.320000	R2
148                           	14	-0.598406	0.000000	R1
147                           	14	-0.598406	0.000000	R1
143                           	14	-0.598406	0.000000	R1
124                           	14	2.593094	0.283419	R5
144                           	14	-0.598406	0.000000	R1
112                           	14	2.593094	0.000000	R5
155                           	14	-0.598406	0.000000	R1
150                           	14	-0.598406	0.000000	R1
151                           	14	-0.598406	0.000000	R1
152                           	14	-0.598406	0.000000	R1
149                           	14	-0.598406	0.000000	R1
146                           	14	-0.598406	0.000000	R1
145                           	14	-0.598406	0.000000	R1
115                           	14	2.593094	0.000000	R5
117                           	14	2.593094	0.465028	R6
153                           	14	-0.598406	0.000000	R1
154                           	14	-0.598406	0.000000	R1
96                            	19	0.648931	0.083176	R2
89                            	19	0.648931	0.083176	R2
101                           	19	0.648931	0.083176	R2
104                           	19	0.867383	0.512710	R2
86                            	19	0.648931	0.083176	R2
85                            	19	0.648931	0.083176	R2
102                           	19	0.648931	0.083176	R2
92                            	19	0.648931	0.083176	R2
99                            	19	0.648931	0.083176	R2
88                            	19	0.648931	0.083176	R2
84                            	19	0.648931	0.083176	R2
93                            	19	0.648931	0.083176	R2
100                           	19	0.648931	0.083176	R2
94                            	19	0.648931	0.083176	R2
105                           	19	0.648931	0.083176	R2
106                           	19	0.648931	0.083176	R2
90                            	19	0.648931	0.083176	R2
87                            	19	0.648931	0.083176	R2
95                            	19	0.648931	0.083176	R2
103                           	19	0.648931	0.083176	R2
91                            	19	1.085835	0.071331	R2
98                            	19	0.867383	0.076800	R2
97                            	19	0.648931	0.083176	R2
166                           	18	0.956420	0.142012	R2
158                           	18	0.956420	0.142012	R2
165                           	18	0.956420	0.142012	R2
161                           	18	0.956420	0.142012	R2
162                           	18	0.956420	0.142012	R2
167                           	18	0.956420	0.142012	R2
164                           	18	0.956420	0.142012	R2
159                           	18	0.956420	0.142012	R2
160                           	18	0.956420	0.142012	R2
157                           	18	0.956420	0.142012	R2
163                           	18	0.956420	0.142012	R2
156                           	18	0.956420	0.142012	R2
351                           	12	0.000000	0.000000	R1
349                           	12	0.000000	0.000000	R1
362                           	12	0.000000	0.000000	R1
348                           	12	0.000000	0.000000	R1
232                           	18	-0.325380	0.218750	R2
236                           	18	-0.325380	0.218750	R2
202                           	7	0.338062	0.460000	R2
203                           	7	0.338062	0.460000	R2
208                           	7	0.338062	0.460000	R2
205                           	7	0.338062	0.460000	R2
235                           	18	-0.325380	0.218750	R2
238                           	18	-0.325380	0.218750	R2
207                           	7	0.338062	0.460000	R2
233                           	18	-0.325380	0.218750	R2
234                           	18	-0.325380	0.218750	R2
204                           	7	0.338062	0.460000	R2
247                           	18	-0.325380	0.218750	R2
123                           	14	-0.172873	0.665123	R3
193                           	7	0.338062	0.460000	R2
237                           	18	-0.325380	0.218750	R2
206                           	7	2.366432	0.357143	R2
229                           	13	-2.322374	0.000000	R1
219                           	13	-2.322374	0.000000	R1
209                           	13	-2.322374	0.000000	R1
228                           	13	-2.322374	0.000000	R1
221                           	13	-2.322374	0.000000	R1
377                           	19	-1.535589	0.000000	R1
376                           	19	-1.535589	0.000000	R1
343                           	0	-0.246183	0.000000	R1
331                           	0	1.477098	0.244898	R2
344                           	0	-0.246183	0.000000	R1
322                           	0	1.477098	0.244898	R2
342                           	0	-0.246183	0.000000	R1
345                           	3	-0.481155	0.000000	R1
284                           	3	1.568983	0.000000	R1
346                           	3	-0.481155	0.000000	R1
347                           	3	-0.481155	0.000000	R1
367                           	18	-1.350819	0.000000	R1
309                           	18	-0.838100	0.277778	R2
356                           	18	-1.350819	0.000000	R1
306                           	18	-0.838100	0.277778	R2
307                           	18	-0.838100	0.277778	R2
355                           	18	-1.350819	0.000000	R1
296                           	18	-0.838100	0.277778	R2
308                           	18	-0.838100	0.277778	R2
403                           	19	-1.644815	0.000000	R1
323                           	19	-1.207911	0.000000	R1
111                           	14	-0.172873	0.185000	R2
110                           	14	-0.172873	0.185000	R2
113                           	14	-0.172873	0.185000	R2
121                           	14	-0.172873	0.185000	R2
108                           	14	-0.172873	0.185000	R2
119                           	14	-0.172873	0.185000	R2
122                           	14	-0.172873	0.185000	R2
114                           	14	-0.172873	0.185000	R2
116                           	14	-0.172873	0.185000	R2
118                           	14	-0.172873	0.185000	R2
107                           	14	-0.172873	0.185000	R2
120                           	14	-0.172873	0.185000	R2
125                           	14	-0.172873	0.185000	R2
109                           	14	-0.172873	0.185000	R2
288                           	8	0.000000	0.000000	R1
263                           	8	0.000000	0.000000	R1
264                           	8	0.000000	0.000000	R1
289                           	8	0.000000	0.000000	R1
274                           	8	0.000000	0.000000	R1
275                           	8	0.000000	0.000000	R1
287                           	8	0.000000	0.000000	R1
172                           	18	0.700060	0.152778	R2
169                           	18	0.700060	0.152778	R2
175                           	18	0.700060	0.152778	R2
180                           	18	1.212780	0.394464	R2
178                           	18	0.700060	0.152778	R2
171                           	18	1.469139	0.124444	R2
173                           	18	0.700060	0.152778	R2
179                           	18	0.700060	0.272189	R2
174                           	18	0.700060	0.152778	R2
177                           	18	0.700060	0.152778	R2
301                           	4	1.000000	0.000000	R1
294                           	4	1.000000	0.000000	R1
311                           	4	1.000000	0.000000	R1
295                           	4	1.000000	0.000000	R1
292                           	4	1.000000	0.000000	R1
293                           	4	1.000000	0.000000	R1
303                           	4	1.000000	0.000000	R1
272                           	18	-0.838100	0.448980	R2
260                           	18	-0.838100	0.448980	R2
132                           	1	0.685767	0.476800	R2
265                           	18	-0.838100	0.448980	R2
276                           	18	-0.838100	0.448980	R2
261                           	18	-0.838100	0.448980	R2
380                           	2	0.000000	0.000000	R1
382                           	2	0.000000	0.000000	R1
381                           	2	0.000000	0.000000	R1
328                           	6	0.000000	0.000000	R1
333                           	6	0.000000	0.000000	R1
329                           	6	0.000000	0.000000	R1
334                           	6	0.000000	0.000000	R1
332                           	6	0.000000	0.000000	R1
220                           	18	2.238219	0.104938	R2
230                           	18	0.187340	0.000000	R1
231                           	18	0.187340	0.000000	R1
224                           	18	0.187340	0.000000	R1
212                           	18	-0.069020	0.197531	R2
225                           	18	-0.069020	0.197531	R2
218                           	18	-0.069020	0.197531	R2
217                           	18	-0.069020	0.197531	R2
214                           	18	0.187340	0.000000	R1
223                           	18	-0.069020	0.197531	R2
210                           	18	-0.069020	0.197531	R2
222                           	18	-0.069020	0.197531	R2
213                           	18	0.187340	0.000000	R1
226                           	18	0.187340	0.000000	R1
211                           	18	-0.069020	0.197531	R2
216                           	18	0.187340	0.000000	R1
227                           	18	0.187340	0.000000	R1
215                           	18	0.187340	0.000000	R1
312                           	11	0.000000	0.000000	R1
315                           	11	0.000000	0.000000	R1
314                           	11	0.000000	0.000000	R1
313                           	11	0.000000	0.000000	R1
316                           	11	0.000000	0.000000	R1
318                           	11	0.000000	0.000000	R1
297                           	18	-1.350819	0.611111	R2
298                           	18	-1.350819	0.611111	R2
327                           	0	-1.107823	0.375000	R2
321                           	0	-1.107823	0.375000	R2
374                           	9	0.000000	0.000000	R1
373                           	9	0.000000	0.000000	R1
390                           	9	0.000000	0.000000	R1
330                           	19	-1.317137	0.000000	R1
335                           	19	-1.317137	0.000000	R1
341                           	19	-1.317137	0.000000	R1
131                           	1	0.685767	0.104938	R2
136                           	1	0.685767	0.104938	R2
384                           	19	-1.535589	0.000000	R1
142                           	1	0.685767	0.104938	R2
128                           	1	0.685767	0.104938	R2
138                           	1	0.685767	0.104938	R2
126                           	1	0.984824	0.176871	R2
141                           	1	0.685767	0.104938	R2
133                           	1	0.685767	0.104938	R2
137                           	1	0.984824	0.095000	R2
140                           	1	0.685767	0.104938	R2
134                           	1	0.685767	0.104938	R2
135                           	1	0.685767	0.104938	R2
139                           	1	0.685767	0.104938	R2
129                           	1	0.685767	0.104938	R2
130                           	1	0.685767	0.104938	R2
127                           	1	0.685767	0.104938	R2
196                           	18	-0.325380	0.460000	R2
195                           	18	-0.325380	0.460000	R2
194                           	18	-0.325380	0.460000	R2
198                           	18	-0.325380	0.460000	R2
199                           	18	-0.325380	0.460000	R2
197                           	18	-0.325380	0.460000	R2
200                           	18	-0.325380	0.460000	R2
201                           	18	-0.325380	0.460000	R2
268                           	18	-0.325380	0.000000	R1
271                           	18	-0.325380	0.000000	R1
266                           	18	-0.325380	0.000000	R1
267                           	18	-0.325380	0.000000	R1
256                           	18	-0.325380	0.000000	R1
269                           	18	-0.325380	0.000000	R1
270                           	18	-0.325380	0.000000	R1
393                           	15	-4.355267	0.000000	R1
394                           	15	-4.355267	0.000000	R1
379                           	3	-1.066908	0.000000	R1
378                           	3	-0.774031	0.000000	R1
350                           	18	-1.350819	0.000000	R1
357                           	18	-1.350819	0.000000	R1
352                           	18	-1.350819	0.000000	R1
285                           	3	0.397476	0.000000	R1
257                           	3	0.397476	0.000000	R1
277                           	3	0.397476	0.000000	R1
259                           	3	0.397476	0.000000	R1
262                           	3	0.397476	0.000000	R1
286                           	3	0.397476	0.000000	R1
258                           	3	0.397476	0.000000	R1
324                           	1	-0.959043	0.000000	R1
325                           	1	-0.659987	0.000000	R1
326                           	1	-0.959043	0.000000	R1
340                           	1	-0.959043	0.000000	R1
363                           	1	-1.407628	0.000000	R1
375                           	13	-2.871803	0.000000	R1
383                           	13	-2.871803	0.000000	R1
337                           	7	-1.183216	0.000000	R1
336                           	7	-1.183216	0.000000	R1
338                           	7	-1.183216	0.000000	R1
339                           	7	-1.183216	0.000000	R1
371                           	1	-1.557156	0.444444	R2
372                           	1	-1.557156	0.444444	R2
360                           	1	-1.407628	0.000000	R1
361                           	1	-1.407628	0.000000	R1
185                           	20	0.000000	0.000000	R1
188                           	20	0.000000	0.000000	R1
189                           	20	0.000000	0.000000	R1
192                           	20	0.000000	0.000000	R1
181                           	20	0.000000	0.000000	R1
182                           	20	0.000000	0.000000	R1
184                           	20	0.000000	0.000000	R1
190                           	20	0.000000	0.000000	R1
183                           	20	0.000000	0.000000	R1
186                           	20	0.000000	0.000000	R1
191                           	20	0.000000	0.000000	R1
187                           	20	0.000000	0.000000	R1
388                           	10	0.000000	0.000000	R1
389                           	10	0.000000	0.000000	R1
397                           	10	0.000000	0.000000	R1
368                           	1	-1.407628	0.000000	R1
366                           	1	-1.407628	0.000000	R1
369                           	16	0.000000	0.000000	R1
364                           	16	0.000000	0.000000	R1
365                           	16	0.000000	0.000000	R1
370                           	16	0.000000	0.000000	R1
404                           	3	-1.359785	0.000000	R1
